[error] Failed to fetch Firebase Project from Studio Workspace because WORKSPACE_SLUG environment variable is empty
[error] Failed to fetch Firebase Project from Studio Workspace because WORKSPACE_SLUG environment variable is empty
[error] Failed to fetch Firebase Project from Studio Workspace because WORKSPACE_SLUG environment variable is empty
[error] Failed to fetch Firebase Project from Studio Workspace because WORKSPACE_SLUG environment variable is empty
[debug] [2026-03-09T05:07:14.730Z] > command requires scopes: ["email","openid","https://www.googleapis.com/auth/cloudplatformprojects.readonly","https://www.googleapis.com/auth/firebase","https://www.googleapis.com/auth/cloud-platform","https://www.googleapis.com/auth/userinfo.email"]
[debug] [2026-03-09T05:07:14.736Z] > command requires scopes: ["email","openid","https://www.googleapis.com/auth/cloudplatformprojects.readonly","https://www.googleapis.com/auth/firebase","https://www.googleapis.com/auth/cloud-platform","https://www.googleapis.com/auth/userinfo.email"]
[error] Failed to fetch Firebase Project from Studio Workspace because WORKSPACE_SLUG environment variable is empty
[error] Failed to fetch Firebase Project from Studio Workspace because WORKSPACE_SLUG environment variable is empty
[debug] [2026-03-09T05:08:13.922Z] > command requires scopes: ["email","openid","https://www.googleapis.com/auth/cloudplatformprojects.readonly","https://www.googleapis.com/auth/firebase","https://www.googleapis.com/auth/cloud-platform","https://www.googleapis.com/auth/userinfo.email"]
[error] Failed to fetch Firebase Project from Studio Workspace because WORKSPACE_SLUG environment variable is empty
[error] Failed to fetch Firebase Project from Studio Workspace because WORKSPACE_SLUG environment variable is empty
[debug] [2026-03-09T05:08:13.934Z] > command requires scopes: ["email","openid","https://www.googleapis.com/auth/cloudplatformprojects.readonly","https://www.googleapis.com/auth/firebase","https://www.googleapis.com/auth/cloud-platform","https://www.googleapis.com/auth/userinfo.email"]
[debug] [2026-03-09T05:08:22.216Z] Running auto auth
[debug] [2026-03-09T05:08:22.217Z] Running auto auth
[debug] [2026-03-09T05:08:22.217Z] Running auto auth
[debug] [2026-03-09T05:08:22.217Z] Running auto auth
[debug] [2026-03-09T05:08:22.265Z] No OAuth tokens found
[debug] [2026-03-09T05:08:22.271Z] >>> [apiv2][query] GET https://cloudbilling.googleapis.com/v1/projects/test1-72766395-5ae95/billingInfo [none]
[debug] [2026-03-09T05:08:22.318Z] No OAuth tokens found
[debug] [2026-03-09T05:08:22.319Z] >>> [apiv2][query] GET https://cloudbilling.googleapis.com/v1/projects/test1-72766395-5ae95/billingInfo [none]
[debug] [2026-03-09T05:08:22.333Z] No OAuth tokens found
[debug] [2026-03-09T05:08:22.333Z] >>> [apiv2][query] GET https://cloudbilling.googleapis.com/v1/projects/test1-72766395-5ae95/billingInfo [none]
[debug] [2026-03-09T05:08:22.358Z] No OAuth tokens found
[debug] [2026-03-09T05:08:22.359Z] >>> [apiv2][query] GET https://cloudbilling.googleapis.com/v1/projects/test1-72766395-5ae95/billingInfo [none]
[debug] [2026-03-09T05:08:22.680Z] <<< [apiv2][status] GET https://cloudbilling.googleapis.com/v1/projects/test1-72766395-5ae95/billingInfo 200
[debug] [2026-03-09T05:08:22.681Z] <<< [apiv2][body] GET https://cloudbilling.googleapis.com/v1/projects/test1-72766395-5ae95/billingInfo {"name":"projects/test1-72766395-5ae95/billingInfo","projectId":"test1-72766395-5ae95","billingAccountName":"","billingEnabled":false}
[debug] [2026-03-09T05:08:22.690Z] No OAuth tokens found
[debug] [2026-03-09T05:08:22.691Z] No OAuth tokens found
[debug] [2026-03-09T05:08:22.692Z] No OAuth tokens found
[debug] [2026-03-09T05:08:22.692Z] No OAuth tokens found
[debug] [2026-03-09T05:08:22.692Z] No OAuth tokens found
[debug] [2026-03-09T05:08:22.693Z] No OAuth tokens found
[debug] [2026-03-09T05:08:22.693Z] No OAuth tokens found
[debug] [2026-03-09T05:08:22.713Z] No OAuth tokens found
[debug] [2026-03-09T05:08:22.714Z] No OAuth tokens found
[debug] [2026-03-09T05:08:22.714Z] >>> [apiv2][query] GET https://serviceusage.googleapis.com/v1/projects/test1-72766395-5ae95/services/firestore.googleapis.com [none]
[debug] [2026-03-09T05:08:22.714Z] >>> [apiv2][(partial)header] GET https://serviceusage.googleapis.com/v1/projects/test1-72766395-5ae95/services/firestore.googleapis.com  x-goog-user-project=test1-72766395-5ae95
[debug] [2026-03-09T05:08:22.716Z] >>> [apiv2][query] GET https://serviceusage.googleapis.com/v1/projects/test1-72766395-5ae95/services/storage.googleapis.com [none]
[debug] [2026-03-09T05:08:22.716Z] >>> [apiv2][(partial)header] GET https://serviceusage.googleapis.com/v1/projects/test1-72766395-5ae95/services/storage.googleapis.com  x-goog-user-project=test1-72766395-5ae95
[debug] [2026-03-09T05:08:22.718Z] >>> [apiv2][query] GET https://serviceusage.googleapis.com/v1/projects/test1-72766395-5ae95/services/firebasedataconnect.googleapis.com [none]
[debug] [2026-03-09T05:08:22.718Z] >>> [apiv2][(partial)header] GET https://serviceusage.googleapis.com/v1/projects/test1-72766395-5ae95/services/firebasedataconnect.googleapis.com  x-goog-user-project=test1-72766395-5ae95
[debug] [2026-03-09T05:08:22.720Z] >>> [apiv2][query] GET https://serviceusage.googleapis.com/v1/projects/test1-72766395-5ae95/services/identitytoolkit.googleapis.com [none]
[debug] [2026-03-09T05:08:22.720Z] >>> [apiv2][(partial)header] GET https://serviceusage.googleapis.com/v1/projects/test1-72766395-5ae95/services/identitytoolkit.googleapis.com  x-goog-user-project=test1-72766395-5ae95
[debug] [2026-03-09T05:08:22.725Z] >>> [apiv2][query] GET https://serviceusage.googleapis.com/v1/projects/test1-72766395-5ae95/services/fcm.googleapis.com [none]
[debug] [2026-03-09T05:08:22.726Z] >>> [apiv2][(partial)header] GET https://serviceusage.googleapis.com/v1/projects/test1-72766395-5ae95/services/fcm.googleapis.com  x-goog-user-project=test1-72766395-5ae95
[debug] [2026-03-09T05:08:22.727Z] >>> [apiv2][query] GET https://serviceusage.googleapis.com/v1/projects/test1-72766395-5ae95/services/cloudfunctions.googleapis.com [none]
[debug] [2026-03-09T05:08:22.727Z] >>> [apiv2][(partial)header] GET https://serviceusage.googleapis.com/v1/projects/test1-72766395-5ae95/services/cloudfunctions.googleapis.com  x-goog-user-project=test1-72766395-5ae95
[debug] [2026-03-09T05:08:22.728Z] >>> [apiv2][query] GET https://serviceusage.googleapis.com/v1/projects/test1-72766395-5ae95/services/firebaseremoteconfig.googleapis.com [none]
[debug] [2026-03-09T05:08:22.728Z] >>> [apiv2][(partial)header] GET https://serviceusage.googleapis.com/v1/projects/test1-72766395-5ae95/services/firebaseremoteconfig.googleapis.com  x-goog-user-project=test1-72766395-5ae95
[debug] [2026-03-09T05:08:22.730Z] >>> [apiv2][query] GET https://serviceusage.googleapis.com/v1/projects/test1-72766395-5ae95/services/firebaseapphosting.googleapis.com [none]
[debug] [2026-03-09T05:08:22.730Z] >>> [apiv2][(partial)header] GET https://serviceusage.googleapis.com/v1/projects/test1-72766395-5ae95/services/firebaseapphosting.googleapis.com  x-goog-user-project=test1-72766395-5ae95
[debug] [2026-03-09T05:08:22.731Z] >>> [apiv2][query] GET https://serviceusage.googleapis.com/v1/projects/test1-72766395-5ae95/services/firebaseio.com [none]
[debug] [2026-03-09T05:08:22.731Z] >>> [apiv2][(partial)header] GET https://serviceusage.googleapis.com/v1/projects/test1-72766395-5ae95/services/firebaseio.com  x-goog-user-project=test1-72766395-5ae95
[debug] [2026-03-09T05:08:22.781Z] <<< [apiv2][status] GET https://cloudbilling.googleapis.com/v1/projects/test1-72766395-5ae95/billingInfo 200
[debug] [2026-03-09T05:08:22.781Z] <<< [apiv2][body] GET https://cloudbilling.googleapis.com/v1/projects/test1-72766395-5ae95/billingInfo {"name":"projects/test1-72766395-5ae95/billingInfo","projectId":"test1-72766395-5ae95","billingAccountName":"","billingEnabled":false}
[debug] [2026-03-09T05:08:22.783Z] No OAuth tokens found
[debug] [2026-03-09T05:08:22.785Z] No OAuth tokens found
[debug] [2026-03-09T05:08:22.786Z] No OAuth tokens found
[debug] [2026-03-09T05:08:22.786Z] No OAuth tokens found
[debug] [2026-03-09T05:08:22.786Z] No OAuth tokens found
[debug] [2026-03-09T05:08:22.787Z] No OAuth tokens found
[debug] [2026-03-09T05:08:22.789Z] No OAuth tokens found
[debug] [2026-03-09T05:08:22.802Z] No OAuth tokens found
[debug] [2026-03-09T05:08:22.803Z] No OAuth tokens found
[debug] [2026-03-09T05:08:22.804Z] >>> [apiv2][query] GET https://serviceusage.googleapis.com/v1/projects/test1-72766395-5ae95/services/firestore.googleapis.com [none]
[debug] [2026-03-09T05:08:22.804Z] >>> [apiv2][(partial)header] GET https://serviceusage.googleapis.com/v1/projects/test1-72766395-5ae95/services/firestore.googleapis.com  x-goog-user-project=test1-72766395-5ae95
[debug] [2026-03-09T05:08:22.806Z] >>> [apiv2][query] GET https://serviceusage.googleapis.com/v1/projects/test1-72766395-5ae95/services/storage.googleapis.com [none]
[debug] [2026-03-09T05:08:22.806Z] >>> [apiv2][(partial)header] GET https://serviceusage.googleapis.com/v1/projects/test1-72766395-5ae95/services/storage.googleapis.com  x-goog-user-project=test1-72766395-5ae95
[debug] [2026-03-09T05:08:22.809Z] >>> [apiv2][query] GET https://serviceusage.googleapis.com/v1/projects/test1-72766395-5ae95/services/firebasedataconnect.googleapis.com [none]
[debug] [2026-03-09T05:08:22.809Z] >>> [apiv2][(partial)header] GET https://serviceusage.googleapis.com/v1/projects/test1-72766395-5ae95/services/firebasedataconnect.googleapis.com  x-goog-user-project=test1-72766395-5ae95
[debug] [2026-03-09T05:08:22.811Z] >>> [apiv2][query] GET https://serviceusage.googleapis.com/v1/projects/test1-72766395-5ae95/services/identitytoolkit.googleapis.com [none]
[debug] [2026-03-09T05:08:22.812Z] >>> [apiv2][(partial)header] GET https://serviceusage.googleapis.com/v1/projects/test1-72766395-5ae95/services/identitytoolkit.googleapis.com  x-goog-user-project=test1-72766395-5ae95
[debug] [2026-03-09T05:08:22.813Z] >>> [apiv2][query] GET https://serviceusage.googleapis.com/v1/projects/test1-72766395-5ae95/services/fcm.googleapis.com [none]
[debug] [2026-03-09T05:08:22.813Z] >>> [apiv2][(partial)header] GET https://serviceusage.googleapis.com/v1/projects/test1-72766395-5ae95/services/fcm.googleapis.com  x-goog-user-project=test1-72766395-5ae95
[debug] [2026-03-09T05:08:22.816Z] >>> [apiv2][query] GET https://serviceusage.googleapis.com/v1/projects/test1-72766395-5ae95/services/cloudfunctions.googleapis.com [none]
[debug] [2026-03-09T05:08:22.816Z] >>> [apiv2][(partial)header] GET https://serviceusage.googleapis.com/v1/projects/test1-72766395-5ae95/services/cloudfunctions.googleapis.com  x-goog-user-project=test1-72766395-5ae95
[debug] [2026-03-09T05:08:22.817Z] >>> [apiv2][query] GET https://serviceusage.googleapis.com/v1/projects/test1-72766395-5ae95/services/firebaseremoteconfig.googleapis.com [none]
[debug] [2026-03-09T05:08:22.817Z] >>> [apiv2][(partial)header] GET https://serviceusage.googleapis.com/v1/projects/test1-72766395-5ae95/services/firebaseremoteconfig.googleapis.com  x-goog-user-project=test1-72766395-5ae95
[debug] [2026-03-09T05:08:22.819Z] >>> [apiv2][query] GET https://serviceusage.googleapis.com/v1/projects/test1-72766395-5ae95/services/firebaseapphosting.googleapis.com [none]
[debug] [2026-03-09T05:08:22.819Z] >>> [apiv2][(partial)header] GET https://serviceusage.googleapis.com/v1/projects/test1-72766395-5ae95/services/firebaseapphosting.googleapis.com  x-goog-user-project=test1-72766395-5ae95
[debug] [2026-03-09T05:08:22.820Z] >>> [apiv2][query] GET https://serviceusage.googleapis.com/v1/projects/test1-72766395-5ae95/services/firebaseio.com [none]
[debug] [2026-03-09T05:08:22.820Z] >>> [apiv2][(partial)header] GET https://serviceusage.googleapis.com/v1/projects/test1-72766395-5ae95/services/firebaseio.com  x-goog-user-project=test1-72766395-5ae95
[debug] [2026-03-09T05:08:22.870Z] <<< [apiv2][status] GET https://cloudbilling.googleapis.com/v1/projects/test1-72766395-5ae95/billingInfo 200
[debug] [2026-03-09T05:08:22.870Z] <<< [apiv2][body] GET https://cloudbilling.googleapis.com/v1/projects/test1-72766395-5ae95/billingInfo {"name":"projects/test1-72766395-5ae95/billingInfo","projectId":"test1-72766395-5ae95","billingAccountName":"","billingEnabled":false}
[debug] [2026-03-09T05:08:22.872Z] No OAuth tokens found
[debug] [2026-03-09T05:08:22.872Z] No OAuth tokens found
[debug] [2026-03-09T05:08:22.873Z] No OAuth tokens found
[debug] [2026-03-09T05:08:22.874Z] No OAuth tokens found
[debug] [2026-03-09T05:08:22.874Z] No OAuth tokens found
[debug] [2026-03-09T05:08:22.874Z] No OAuth tokens found
[debug] [2026-03-09T05:08:22.874Z] No OAuth tokens found
[debug] [2026-03-09T05:08:22.882Z] No OAuth tokens found
[debug] [2026-03-09T05:08:22.882Z] No OAuth tokens found
[debug] [2026-03-09T05:08:22.882Z] >>> [apiv2][query] GET https://serviceusage.googleapis.com/v1/projects/test1-72766395-5ae95/services/firestore.googleapis.com [none]
[debug] [2026-03-09T05:08:22.882Z] >>> [apiv2][(partial)header] GET https://serviceusage.googleapis.com/v1/projects/test1-72766395-5ae95/services/firestore.googleapis.com  x-goog-user-project=test1-72766395-5ae95
[debug] [2026-03-09T05:08:22.884Z] >>> [apiv2][query] GET https://serviceusage.googleapis.com/v1/projects/test1-72766395-5ae95/services/storage.googleapis.com [none]
[debug] [2026-03-09T05:08:22.884Z] >>> [apiv2][(partial)header] GET https://serviceusage.googleapis.com/v1/projects/test1-72766395-5ae95/services/storage.googleapis.com  x-goog-user-project=test1-72766395-5ae95
[debug] [2026-03-09T05:08:22.885Z] >>> [apiv2][query] GET https://serviceusage.googleapis.com/v1/projects/test1-72766395-5ae95/services/firebasedataconnect.googleapis.com [none]
[debug] [2026-03-09T05:08:22.885Z] >>> [apiv2][(partial)header] GET https://serviceusage.googleapis.com/v1/projects/test1-72766395-5ae95/services/firebasedataconnect.googleapis.com  x-goog-user-project=test1-72766395-5ae95
[debug] [2026-03-09T05:08:22.886Z] >>> [apiv2][query] GET https://serviceusage.googleapis.com/v1/projects/test1-72766395-5ae95/services/identitytoolkit.googleapis.com [none]
[debug] [2026-03-09T05:08:22.886Z] >>> [apiv2][(partial)header] GET https://serviceusage.googleapis.com/v1/projects/test1-72766395-5ae95/services/identitytoolkit.googleapis.com  x-goog-user-project=test1-72766395-5ae95
[debug] [2026-03-09T05:08:22.887Z] >>> [apiv2][query] GET https://serviceusage.googleapis.com/v1/projects/test1-72766395-5ae95/services/fcm.googleapis.com [none]
[debug] [2026-03-09T05:08:22.887Z] >>> [apiv2][(partial)header] GET https://serviceusage.googleapis.com/v1/projects/test1-72766395-5ae95/services/fcm.googleapis.com  x-goog-user-project=test1-72766395-5ae95
[debug] [2026-03-09T05:08:22.888Z] >>> [apiv2][query] GET https://serviceusage.googleapis.com/v1/projects/test1-72766395-5ae95/services/cloudfunctions.googleapis.com [none]
[debug] [2026-03-09T05:08:22.888Z] >>> [apiv2][(partial)header] GET https://serviceusage.googleapis.com/v1/projects/test1-72766395-5ae95/services/cloudfunctions.googleapis.com  x-goog-user-project=test1-72766395-5ae95
[debug] [2026-03-09T05:08:22.891Z] >>> [apiv2][query] GET https://serviceusage.googleapis.com/v1/projects/test1-72766395-5ae95/services/firebaseremoteconfig.googleapis.com [none]
[debug] [2026-03-09T05:08:22.891Z] >>> [apiv2][(partial)header] GET https://serviceusage.googleapis.com/v1/projects/test1-72766395-5ae95/services/firebaseremoteconfig.googleapis.com  x-goog-user-project=test1-72766395-5ae95
[debug] [2026-03-09T05:08:22.893Z] >>> [apiv2][query] GET https://serviceusage.googleapis.com/v1/projects/test1-72766395-5ae95/services/firebaseapphosting.googleapis.com [none]
[debug] [2026-03-09T05:08:22.893Z] >>> [apiv2][(partial)header] GET https://serviceusage.googleapis.com/v1/projects/test1-72766395-5ae95/services/firebaseapphosting.googleapis.com  x-goog-user-project=test1-72766395-5ae95
[debug] [2026-03-09T05:08:22.894Z] >>> [apiv2][query] GET https://serviceusage.googleapis.com/v1/projects/test1-72766395-5ae95/services/firebaseio.com [none]
[debug] [2026-03-09T05:08:22.894Z] >>> [apiv2][(partial)header] GET https://serviceusage.googleapis.com/v1/projects/test1-72766395-5ae95/services/firebaseio.com  x-goog-user-project=test1-72766395-5ae95
[debug] [2026-03-09T05:08:23.187Z] <<< [apiv2][status] GET https://serviceusage.googleapis.com/v1/projects/test1-72766395-5ae95/services/storage.googleapis.com 200
[debug] [2026-03-09T05:08:23.187Z] <<< [apiv2][body] GET https://serviceusage.googleapis.com/v1/projects/test1-72766395-5ae95/services/storage.googleapis.com [omitted]
[debug] [2026-03-09T05:08:23.423Z] <<< [apiv2][status] GET https://cloudbilling.googleapis.com/v1/projects/test1-72766395-5ae95/billingInfo 200
[debug] [2026-03-09T05:08:23.423Z] <<< [apiv2][body] GET https://cloudbilling.googleapis.com/v1/projects/test1-72766395-5ae95/billingInfo {"name":"projects/test1-72766395-5ae95/billingInfo","projectId":"test1-72766395-5ae95","billingAccountName":"","billingEnabled":false}
[debug] [2026-03-09T05:08:23.425Z] No OAuth tokens found
[debug] [2026-03-09T05:08:23.426Z] No OAuth tokens found
[debug] [2026-03-09T05:08:23.426Z] No OAuth tokens found
[debug] [2026-03-09T05:08:23.426Z] No OAuth tokens found
[debug] [2026-03-09T05:08:23.427Z] No OAuth tokens found
[debug] [2026-03-09T05:08:23.427Z] No OAuth tokens found
[debug] [2026-03-09T05:08:23.437Z] No OAuth tokens found
[debug] [2026-03-09T05:08:23.439Z] No OAuth tokens found
[debug] [2026-03-09T05:08:23.439Z] >>> [apiv2][query] GET https://serviceusage.googleapis.com/v1/projects/test1-72766395-5ae95/services/firestore.googleapis.com [none]
[debug] [2026-03-09T05:08:23.441Z] >>> [apiv2][(partial)header] GET https://serviceusage.googleapis.com/v1/projects/test1-72766395-5ae95/services/firestore.googleapis.com  x-goog-user-project=test1-72766395-5ae95
[debug] [2026-03-09T05:08:23.441Z] >>> [apiv2][query] GET https://serviceusage.googleapis.com/v1/projects/test1-72766395-5ae95/services/firebasedataconnect.googleapis.com [none]
[debug] [2026-03-09T05:08:23.442Z] >>> [apiv2][(partial)header] GET https://serviceusage.googleapis.com/v1/projects/test1-72766395-5ae95/services/firebasedataconnect.googleapis.com  x-goog-user-project=test1-72766395-5ae95
[debug] [2026-03-09T05:08:23.444Z] >>> [apiv2][query] GET https://serviceusage.googleapis.com/v1/projects/test1-72766395-5ae95/services/identitytoolkit.googleapis.com [none]
[debug] [2026-03-09T05:08:23.445Z] >>> [apiv2][(partial)header] GET https://serviceusage.googleapis.com/v1/projects/test1-72766395-5ae95/services/identitytoolkit.googleapis.com  x-goog-user-project=test1-72766395-5ae95
[debug] [2026-03-09T05:08:23.446Z] >>> [apiv2][query] GET https://serviceusage.googleapis.com/v1/projects/test1-72766395-5ae95/services/fcm.googleapis.com [none]
[debug] [2026-03-09T05:08:23.446Z] >>> [apiv2][(partial)header] GET https://serviceusage.googleapis.com/v1/projects/test1-72766395-5ae95/services/fcm.googleapis.com  x-goog-user-project=test1-72766395-5ae95
[debug] [2026-03-09T05:08:23.448Z] >>> [apiv2][query] GET https://serviceusage.googleapis.com/v1/projects/test1-72766395-5ae95/services/cloudfunctions.googleapis.com [none]
[debug] [2026-03-09T05:08:23.448Z] >>> [apiv2][(partial)header] GET https://serviceusage.googleapis.com/v1/projects/test1-72766395-5ae95/services/cloudfunctions.googleapis.com  x-goog-user-project=test1-72766395-5ae95
[debug] [2026-03-09T05:08:23.449Z] >>> [apiv2][query] GET https://serviceusage.googleapis.com/v1/projects/test1-72766395-5ae95/services/firebaseremoteconfig.googleapis.com [none]
[debug] [2026-03-09T05:08:23.449Z] >>> [apiv2][(partial)header] GET https://serviceusage.googleapis.com/v1/projects/test1-72766395-5ae95/services/firebaseremoteconfig.googleapis.com  x-goog-user-project=test1-72766395-5ae95
[debug] [2026-03-09T05:08:23.450Z] >>> [apiv2][query] GET https://serviceusage.googleapis.com/v1/projects/test1-72766395-5ae95/services/firebaseapphosting.googleapis.com [none]
[debug] [2026-03-09T05:08:23.450Z] >>> [apiv2][(partial)header] GET https://serviceusage.googleapis.com/v1/projects/test1-72766395-5ae95/services/firebaseapphosting.googleapis.com  x-goog-user-project=test1-72766395-5ae95
[debug] [2026-03-09T05:08:23.451Z] >>> [apiv2][query] GET https://serviceusage.googleapis.com/v1/projects/test1-72766395-5ae95/services/firebaseio.com [none]
[debug] [2026-03-09T05:08:23.452Z] >>> [apiv2][(partial)header] GET https://serviceusage.googleapis.com/v1/projects/test1-72766395-5ae95/services/firebaseio.com  x-goog-user-project=test1-72766395-5ae95
[debug] [2026-03-09T05:08:23.792Z] <<< [apiv2][status] GET https://serviceusage.googleapis.com/v1/projects/test1-72766395-5ae95/services/firestore.googleapis.com 200
[debug] [2026-03-09T05:08:23.793Z] <<< [apiv2][body] GET https://serviceusage.googleapis.com/v1/projects/test1-72766395-5ae95/services/firestore.googleapis.com [omitted]
[debug] [2026-03-09T05:08:23.809Z] <<< [apiv2][status] GET https://serviceusage.googleapis.com/v1/projects/test1-72766395-5ae95/services/firebasedataconnect.googleapis.com 200
[debug] [2026-03-09T05:08:23.809Z] <<< [apiv2][body] GET https://serviceusage.googleapis.com/v1/projects/test1-72766395-5ae95/services/firebasedataconnect.googleapis.com [omitted]
[debug] [2026-03-09T05:08:23.810Z] <<< [apiv2][status] GET https://serviceusage.googleapis.com/v1/projects/test1-72766395-5ae95/services/firebaseremoteconfig.googleapis.com 200
[debug] [2026-03-09T05:08:23.810Z] <<< [apiv2][body] GET https://serviceusage.googleapis.com/v1/projects/test1-72766395-5ae95/services/firebaseremoteconfig.googleapis.com [omitted]
[debug] [2026-03-09T05:08:23.832Z] <<< [apiv2][status] GET https://serviceusage.googleapis.com/v1/projects/test1-72766395-5ae95/services/fcm.googleapis.com 200
[debug] [2026-03-09T05:08:23.832Z] <<< [apiv2][body] GET https://serviceusage.googleapis.com/v1/projects/test1-72766395-5ae95/services/fcm.googleapis.com [omitted]
[debug] [2026-03-09T05:08:23.840Z] <<< [apiv2][status] GET https://serviceusage.googleapis.com/v1/projects/test1-72766395-5ae95/services/storage.googleapis.com 200
[debug] [2026-03-09T05:08:23.841Z] <<< [apiv2][body] GET https://serviceusage.googleapis.com/v1/projects/test1-72766395-5ae95/services/storage.googleapis.com [omitted]
[debug] [2026-03-09T05:08:23.860Z] <<< [apiv2][status] GET https://serviceusage.googleapis.com/v1/projects/test1-72766395-5ae95/services/firebaseio.com 403
[debug] [2026-03-09T05:08:23.860Z] <<< [apiv2][body] GET https://serviceusage.googleapis.com/v1/projects/test1-72766395-5ae95/services/firebaseio.com [omitted]
[debug] [2026-03-09T05:08:23.865Z] <<< [apiv2][status] GET https://serviceusage.googleapis.com/v1/projects/test1-72766395-5ae95/services/firestore.googleapis.com 200
[debug] [2026-03-09T05:08:23.867Z] <<< [apiv2][body] GET https://serviceusage.googleapis.com/v1/projects/test1-72766395-5ae95/services/firestore.googleapis.com [omitted]
[debug] [2026-03-09T05:08:23.883Z] <<< [apiv2][status] GET https://serviceusage.googleapis.com/v1/projects/test1-72766395-5ae95/services/firebaseapphosting.googleapis.com 200
[debug] [2026-03-09T05:08:23.884Z] <<< [apiv2][body] GET https://serviceusage.googleapis.com/v1/projects/test1-72766395-5ae95/services/firebaseapphosting.googleapis.com [omitted]
[debug] [2026-03-09T05:08:23.889Z] <<< [apiv2][status] GET https://serviceusage.googleapis.com/v1/projects/test1-72766395-5ae95/services/cloudfunctions.googleapis.com 200
[debug] [2026-03-09T05:08:23.889Z] <<< [apiv2][body] GET https://serviceusage.googleapis.com/v1/projects/test1-72766395-5ae95/services/cloudfunctions.googleapis.com [omitted]
[debug] [2026-03-09T05:08:23.894Z] <<< [apiv2][status] GET https://serviceusage.googleapis.com/v1/projects/test1-72766395-5ae95/services/identitytoolkit.googleapis.com 200
[debug] [2026-03-09T05:08:23.894Z] <<< [apiv2][body] GET https://serviceusage.googleapis.com/v1/projects/test1-72766395-5ae95/services/identitytoolkit.googleapis.com [omitted]
[debug] [2026-03-09T05:08:23.920Z] <<< [apiv2][status] GET https://serviceusage.googleapis.com/v1/projects/test1-72766395-5ae95/services/firebasedataconnect.googleapis.com 200
[debug] [2026-03-09T05:08:23.920Z] <<< [apiv2][body] GET https://serviceusage.googleapis.com/v1/projects/test1-72766395-5ae95/services/firebasedataconnect.googleapis.com [omitted]
[debug] [2026-03-09T05:08:23.924Z] <<< [apiv2][status] GET https://serviceusage.googleapis.com/v1/projects/test1-72766395-5ae95/services/firebaseremoteconfig.googleapis.com 200
[debug] [2026-03-09T05:08:23.925Z] <<< [apiv2][body] GET https://serviceusage.googleapis.com/v1/projects/test1-72766395-5ae95/services/firebaseremoteconfig.googleapis.com [omitted]
[debug] [2026-03-09T05:08:23.937Z] <<< [apiv2][status] GET https://serviceusage.googleapis.com/v1/projects/test1-72766395-5ae95/services/firestore.googleapis.com 200
[debug] [2026-03-09T05:08:23.937Z] <<< [apiv2][body] GET https://serviceusage.googleapis.com/v1/projects/test1-72766395-5ae95/services/firestore.googleapis.com [omitted]
[debug] [2026-03-09T05:08:23.943Z] <<< [apiv2][status] GET https://serviceusage.googleapis.com/v1/projects/test1-72766395-5ae95/services/firebaseio.com 403
[debug] [2026-03-09T05:08:23.943Z] <<< [apiv2][body] GET https://serviceusage.googleapis.com/v1/projects/test1-72766395-5ae95/services/firebaseio.com [omitted]
[debug] [2026-03-09T05:08:23.946Z] <<< [apiv2][status] GET https://serviceusage.googleapis.com/v1/projects/test1-72766395-5ae95/services/firebasedataconnect.googleapis.com 200
[debug] [2026-03-09T05:08:23.947Z] <<< [apiv2][body] GET https://serviceusage.googleapis.com/v1/projects/test1-72766395-5ae95/services/firebasedataconnect.googleapis.com [omitted]
[debug] [2026-03-09T05:08:23.949Z] <<< [apiv2][status] GET https://serviceusage.googleapis.com/v1/projects/test1-72766395-5ae95/services/cloudfunctions.googleapis.com 200
[debug] [2026-03-09T05:08:23.949Z] <<< [apiv2][body] GET https://serviceusage.googleapis.com/v1/projects/test1-72766395-5ae95/services/cloudfunctions.googleapis.com [omitted]
[debug] [2026-03-09T05:08:23.949Z] <<< [apiv2][status] GET https://serviceusage.googleapis.com/v1/projects/test1-72766395-5ae95/services/firebaseremoteconfig.googleapis.com 200
[debug] [2026-03-09T05:08:23.949Z] <<< [apiv2][body] GET https://serviceusage.googleapis.com/v1/projects/test1-72766395-5ae95/services/firebaseremoteconfig.googleapis.com [omitted]
[debug] [2026-03-09T05:08:23.980Z] <<< [apiv2][status] GET https://serviceusage.googleapis.com/v1/projects/test1-72766395-5ae95/services/cloudfunctions.googleapis.com 200
[debug] [2026-03-09T05:08:23.982Z] <<< [apiv2][body] GET https://serviceusage.googleapis.com/v1/projects/test1-72766395-5ae95/services/cloudfunctions.googleapis.com [omitted]
[debug] [2026-03-09T05:08:23.983Z] <<< [apiv2][status] GET https://serviceusage.googleapis.com/v1/projects/test1-72766395-5ae95/services/identitytoolkit.googleapis.com 200
[debug] [2026-03-09T05:08:23.983Z] <<< [apiv2][body] GET https://serviceusage.googleapis.com/v1/projects/test1-72766395-5ae95/services/identitytoolkit.googleapis.com [omitted]
[debug] [2026-03-09T05:08:23.993Z] <<< [apiv2][status] GET https://serviceusage.googleapis.com/v1/projects/test1-72766395-5ae95/services/firebaseapphosting.googleapis.com 200
[debug] [2026-03-09T05:08:23.993Z] <<< [apiv2][body] GET https://serviceusage.googleapis.com/v1/projects/test1-72766395-5ae95/services/firebaseapphosting.googleapis.com [omitted]
[error] Failed to fetch Firebase Project from Studio Workspace because WORKSPACE_SLUG environment variable is empty
[error] Failed to fetch Firebase Project from Studio Workspace because WORKSPACE_SLUG environment variable is empty
[error] Failed to fetch Firebase Project from Studio Workspace because WORKSPACE_SLUG environment variable is empty
[debug] [2026-03-09T05:08:24.000Z] > command requires scopes: ["email","openid","https://www.googleapis.com/auth/cloudplatformprojects.readonly","https://www.googleapis.com/auth/firebase","https://www.googleapis.com/auth/cloud-platform","https://www.googleapis.com/auth/userinfo.email"]
[debug] [2026-03-09T05:08:24.002Z] > authorizing via signed-in user (oooooo82mspark@gmail.com)
[debug] [2026-03-09T05:08:24.002Z] No OAuth tokens found
[debug] [2026-03-09T05:08:24.003Z] >>> [apiv2][query] GET https://cloudbilling.googleapis.com/v1/projects/test1-72766395-5ae95/billingInfo [none]
[debug] [2026-03-09T05:08:24.006Z] <<< [apiv2][status] GET https://serviceusage.googleapis.com/v1/projects/test1-72766395-5ae95/services/firebaseapphosting.googleapis.com 200
[debug] [2026-03-09T05:08:24.006Z] <<< [apiv2][body] GET https://serviceusage.googleapis.com/v1/projects/test1-72766395-5ae95/services/firebaseapphosting.googleapis.com [omitted]
[debug] [2026-03-09T05:08:24.011Z] <<< [apiv2][status] GET https://serviceusage.googleapis.com/v1/projects/test1-72766395-5ae95/services/identitytoolkit.googleapis.com 200
[debug] [2026-03-09T05:08:24.011Z] <<< [apiv2][body] GET https://serviceusage.googleapis.com/v1/projects/test1-72766395-5ae95/services/identitytoolkit.googleapis.com [omitted]
[debug] [2026-03-09T05:08:24.023Z] <<< [apiv2][status] GET https://serviceusage.googleapis.com/v1/projects/test1-72766395-5ae95/services/storage.googleapis.com 200
[debug] [2026-03-09T05:08:24.023Z] <<< [apiv2][body] GET https://serviceusage.googleapis.com/v1/projects/test1-72766395-5ae95/services/storage.googleapis.com [omitted]
[debug] [2026-03-09T05:08:24.037Z] <<< [apiv2][status] GET https://serviceusage.googleapis.com/v1/projects/test1-72766395-5ae95/services/fcm.googleapis.com 200
[debug] [2026-03-09T05:08:24.038Z] <<< [apiv2][body] GET https://serviceusage.googleapis.com/v1/projects/test1-72766395-5ae95/services/fcm.googleapis.com [omitted]
[debug] [2026-03-09T05:08:24.053Z] <<< [apiv2][status] GET https://serviceusage.googleapis.com/v1/projects/test1-72766395-5ae95/services/firebaseio.com 403
[debug] [2026-03-09T05:08:24.054Z] <<< [apiv2][body] GET https://serviceusage.googleapis.com/v1/projects/test1-72766395-5ae95/services/firebaseio.com [omitted]
[debug] [2026-03-09T05:08:24.076Z] <<< [apiv2][status] GET https://serviceusage.googleapis.com/v1/projects/test1-72766395-5ae95/services/fcm.googleapis.com 200
[debug] [2026-03-09T05:08:24.077Z] <<< [apiv2][body] GET https://serviceusage.googleapis.com/v1/projects/test1-72766395-5ae95/services/fcm.googleapis.com [omitted]
[debug] [2026-03-09T05:08:24.107Z] <<< [apiv2][status] GET https://serviceusage.googleapis.com/v1/projects/test1-72766395-5ae95/services/firestore.googleapis.com 200
[debug] [2026-03-09T05:08:24.108Z] <<< [apiv2][body] GET https://serviceusage.googleapis.com/v1/projects/test1-72766395-5ae95/services/firestore.googleapis.com [omitted]
[error] Failed to fetch Firebase Project from Studio Workspace because WORKSPACE_SLUG environment variable is empty
[error] Failed to fetch Firebase Project from Studio Workspace because WORKSPACE_SLUG environment variable is empty
[error] Failed to fetch Firebase Project from Studio Workspace because WORKSPACE_SLUG environment variable is empty
[debug] [2026-03-09T05:08:24.118Z] > command requires scopes: ["email","openid","https://www.googleapis.com/auth/cloudplatformprojects.readonly","https://www.googleapis.com/auth/firebase","https://www.googleapis.com/auth/cloud-platform","https://www.googleapis.com/auth/userinfo.email"]
[debug] [2026-03-09T05:08:24.118Z] > authorizing via signed-in user (oooooo82mspark@gmail.com)
[debug] [2026-03-09T05:08:24.119Z] No OAuth tokens found
[debug] [2026-03-09T05:08:24.120Z] >>> [apiv2][query] GET https://cloudbilling.googleapis.com/v1/projects/test1-72766395-5ae95/billingInfo [none]
